time="2021-06-16 21:40:40" level=info Agent="Mozilla/5.0 (Windows NT 10.0; Win64; x64) AppleWebKit/537.36 (KHTML, like Gecko) Chrome/91.0.4472.106 Safari/537.36" DataSize=49 HostName="Pluto的Laptop" Ip="::1" Method=GET Path=/api/v1/category SpendTime="4 ms" status=200
time="2021-06-16 21:40:40" level=info Agent="Mozilla/5.0 (Windows NT 10.0; Win64; x64) AppleWebKit/537.36 (KHTML, like Gecko) Chrome/91.0.4472.106 Safari/537.36" DataSize=161 HostName="Pluto的Laptop" Ip="::1" Method=GET Path=/api/v1/profile/1 SpendTime="5 ms" status=200
time="2021-06-16 21:40:40" level=info Agent="Mozilla/5.0 (Windows NT 10.0; Win64; x64) AppleWebKit/537.36 (KHTML, like Gecko) Chrome/91.0.4472.106 Safari/537.36" DataSize=49 HostName="Pluto的Laptop" Ip="::1" Method=GET Path="/api/v1/article?pagesize=5&pagenum=1" SpendTime="2 ms" status=200
time="2021-06-16 21:41:07" level=info Agent="Mozilla/5.0 (Windows NT 10.0; Win64; x64) AppleWebKit/537.36 (KHTML, like Gecko) Chrome/91.0.4472.106 Safari/537.36" DataSize=0 HostName="Pluto的Laptop" Ip="::1" Method=OPTIONS Path=/api/v1/loginfront SpendTime="0 ms" status=204
time="2021-06-16 21:41:07" level=info Agent="Mozilla/5.0 (Windows NT 10.0; Win64; x64) AppleWebKit/537.36 (KHTML, like Gecko) Chrome/91.0.4472.106 Safari/537.36" DataSize=60 HostName="Pluto的Laptop" Ip="::1" Method=POST Path=/api/v1/loginfront SpendTime="4 ms" status=200
time="2021-06-16 21:41:33" level=info Agent="Mozilla/5.0 (Windows NT 10.0; Win64; x64) AppleWebKit/537.36 (KHTML, like Gecko) Chrome/91.0.4472.106 Safari/537.36" DataSize=0 HostName="Pluto的Laptop" Ip="::1" Method=OPTIONS Path=/api/v1/login SpendTime="0 ms" status=204
time="2021-06-16 21:41:33" level=info Agent="Mozilla/5.0 (Windows NT 10.0; Win64; x64) AppleWebKit/537.36 (KHTML, like Gecko) Chrome/91.0.4472.106 Safari/537.36" DataSize=71 HostName="Pluto的Laptop" Ip="::1" Method=POST Path=/api/v1/login SpendTime="4 ms" status=200
time="2021-06-16 21:41:34" level=info Agent="Mozilla/5.0 (Windows NT 10.0; Win64; x64) AppleWebKit/537.36 (KHTML, like Gecko) Chrome/91.0.4472.106 Safari/537.36" DataSize=0 HostName="Pluto的Laptop" Ip="::1" Method=OPTIONS Path=/api/v1/login SpendTime="0 ms" status=204
time="2021-06-16 21:41:34" level=info Agent="Mozilla/5.0 (Windows NT 10.0; Win64; x64) AppleWebKit/537.36 (KHTML, like Gecko) Chrome/91.0.4472.106 Safari/537.36" DataSize=71 HostName="Pluto的Laptop" Ip="::1" Method=POST Path=/api/v1/login SpendTime="0 ms" status=200
time="2021-06-16 21:45:46" level=info Agent="Mozilla/5.0 (Windows NT 10.0; Win64; x64) AppleWebKit/537.36 (KHTML, like Gecko) Chrome/91.0.4472.106 Safari/537.36" DataSize=0 HostName="Pluto的Laptop" Ip="::1" Method=OPTIONS Path=/api/v1/login SpendTime="0 ms" status=204
time="2021-06-16 21:45:47" level=info Agent="Mozilla/5.0 (Windows NT 10.0; Win64; x64) AppleWebKit/537.36 (KHTML, like Gecko) Chrome/91.0.4472.106 Safari/537.36" DataSize=237 HostName="Pluto的Laptop" Ip="::1" Method=POST Path=/api/v1/login SpendTime="114 ms" status=200
time="2021-06-16 21:45:53" level=info Agent="Mozilla/5.0 (Windows NT 10.0; Win64; x64) AppleWebKit/537.36 (KHTML, like Gecko) Chrome/91.0.4472.106 Safari/537.36" DataSize=0 HostName="Pluto的Laptop" Ip="::1" Method=OPTIONS Path="/api/v1/admin/article?title=&pagesize=5&pagenum=1" SpendTime="0 ms" status=204
time="2021-06-16 21:45:53" level=info Agent="Mozilla/5.0 (Windows NT 10.0; Win64; x64) AppleWebKit/537.36 (KHTML, like Gecko) Chrome/91.0.4472.106 Safari/537.36" DataSize=0 HostName="Pluto的Laptop" Ip="::1" Method=OPTIONS Path=/api/v1/category SpendTime="0 ms" status=204
time="2021-06-16 21:45:53" level=info Agent="Mozilla/5.0 (Windows NT 10.0; Win64; x64) AppleWebKit/537.36 (KHTML, like Gecko) Chrome/91.0.4472.106 Safari/537.36" DataSize=371 HostName="Pluto的Laptop" Ip="::1" Method=GET Path="/api/v1/admin/article?title=&pagesize=5&pagenum=1" SpendTime="2 ms" status=200
time="2021-06-16 21:45:53" level=info Agent="Mozilla/5.0 (Windows NT 10.0; Win64; x64) AppleWebKit/537.36 (KHTML, like Gecko) Chrome/91.0.4472.106 Safari/537.36" DataSize=74 HostName="Pluto的Laptop" Ip="::1" Method=GET Path=/api/v1/category SpendTime="5 ms" status=200
time="2021-06-16 21:45:55" level=info Agent="Mozilla/5.0 (Windows NT 10.0; Win64; x64) AppleWebKit/537.36 (KHTML, like Gecko) Chrome/91.0.4472.106 Safari/537.36" DataSize=0 HostName="Pluto的Laptop" Ip="::1" Method=OPTIONS Path=/api/v1/comment/list SpendTime="0 ms" status=204
time="2021-06-16 21:45:55" level=info Agent="Mozilla/5.0 (Windows NT 10.0; Win64; x64) AppleWebKit/537.36 (KHTML, like Gecko) Chrome/91.0.4472.106 Safari/537.36" DataSize=496 HostName="Pluto的Laptop" Ip="::1" Method=GET Path=/api/v1/comment/list SpendTime="2 ms" status=200
time="2021-06-16 21:45:57" level=info Agent="Mozilla/5.0 (Windows NT 10.0; Win64; x64) AppleWebKit/537.36 (KHTML, like Gecko) Chrome/91.0.4472.106 Safari/537.36" DataSize=0 HostName="Pluto的Laptop" Ip="::1" Method=OPTIONS Path=/api/v1/admin/category SpendTime="0 ms" status=204
time="2021-06-16 21:45:57" level=info Agent="Mozilla/5.0 (Windows NT 10.0; Win64; x64) AppleWebKit/537.36 (KHTML, like Gecko) Chrome/91.0.4472.106 Safari/537.36" DataSize=74 HostName="Pluto的Laptop" Ip="::1" Method=GET Path=/api/v1/admin/category SpendTime="3 ms" status=200
time="2021-06-16 21:45:58" level=info Agent="Mozilla/5.0 (Windows NT 10.0; Win64; x64) AppleWebKit/537.36 (KHTML, like Gecko) Chrome/91.0.4472.106 Safari/537.36" DataSize=0 HostName="Pluto的Laptop" Ip="::1" Method=OPTIONS Path="/api/v1/admin/users?username=&pagesize=5&pagenum=1" SpendTime="0 ms" status=204
time="2021-06-16 21:45:58" level=info Agent="Mozilla/5.0 (Windows NT 10.0; Win64; x64) AppleWebKit/537.36 (KHTML, like Gecko) Chrome/91.0.4472.106 Safari/537.36" DataSize=186 HostName="Pluto的Laptop" Ip="::1" Method=GET Path="/api/v1/admin/users?username=&pagesize=5&pagenum=1" SpendTime="1 ms" status=200
time="2021-06-16 21:45:59" level=info Agent="Mozilla/5.0 (Windows NT 10.0; Win64; x64) AppleWebKit/537.36 (KHTML, like Gecko) Chrome/91.0.4472.106 Safari/537.36" DataSize=0 HostName="Pluto的Laptop" Ip="::1" Method=OPTIONS Path=/api/v1/admin/profile/1 SpendTime="0 ms" status=204
time="2021-06-16 21:45:59" level=info Agent="Mozilla/5.0 (Windows NT 10.0; Win64; x64) AppleWebKit/537.36 (KHTML, like Gecko) Chrome/91.0.4472.106 Safari/537.36" DataSize=342 HostName="Pluto的Laptop" Ip="::1" Method=GET Path=/api/v1/admin/profile/1 SpendTime="1 ms" status=200
time="2021-06-16 21:46:30" level=info Agent="Mozilla/5.0 (Windows NT 10.0; Win64; x64) AppleWebKit/537.36 (KHTML, like Gecko) Chrome/91.0.4472.106 Safari/537.36" DataSize=74 HostName="Pluto的Laptop" Ip="::1" Method=GET Path=/api/v1/category SpendTime="6 ms" status=200
time="2021-06-16 21:46:30" level=info Agent="Mozilla/5.0 (Windows NT 10.0; Win64; x64) AppleWebKit/537.36 (KHTML, like Gecko) Chrome/91.0.4472.106 Safari/537.36" DataSize=342 HostName="Pluto的Laptop" Ip="::1" Method=GET Path=/api/v1/profile/1 SpendTime="2 ms" status=200
time="2021-06-16 21:46:30" level=info Agent="Mozilla/5.0 (Windows NT 10.0; Win64; x64) AppleWebKit/537.36 (KHTML, like Gecko) Chrome/91.0.4472.106 Safari/537.36" DataSize=371 HostName="Pluto的Laptop" Ip="::1" Method=GET Path="/api/v1/article?pagesize=5&pagenum=1" SpendTime="1 ms" status=200
time="2021-06-16 21:46:36" level=info Agent="Mozilla/5.0 (Windows NT 10.0; Win64; x64) AppleWebKit/537.36 (KHTML, like Gecko) Chrome/91.0.4472.106 Safari/537.36" DataSize=21221 HostName="Pluto的Laptop" Ip="::1" Method=GET Path="/api/v1/article/list/1?pagesize=5&pagenum=1" SpendTime="4 ms" status=200
time="2021-06-16 21:46:37" level=info Agent="Mozilla/5.0 (Windows NT 10.0; Win64; x64) AppleWebKit/537.36 (KHTML, like Gecko) Chrome/91.0.4472.106 Safari/537.36" DataSize=371 HostName="Pluto的Laptop" Ip="::1" Method=GET Path="/api/v1/article?pagesize=5&pagenum=1" SpendTime="1 ms" status=200
time="2021-06-16 21:46:38" level=info Agent="Mozilla/5.0 (Windows NT 10.0; Win64; x64) AppleWebKit/537.36 (KHTML, like Gecko) Chrome/91.0.4472.106 Safari/537.36" DataSize=21221 HostName="Pluto的Laptop" Ip="::1" Method=GET Path="/api/v1/article/list/1?pagesize=5&pagenum=1" SpendTime="4 ms" status=200
time="2021-06-16 21:46:38" level=info Agent="Mozilla/5.0 (Windows NT 10.0; Win64; x64) AppleWebKit/537.36 (KHTML, like Gecko) Chrome/91.0.4472.106 Safari/537.36" DataSize=371 HostName="Pluto的Laptop" Ip="::1" Method=GET Path="/api/v1/article?pagesize=5&pagenum=1" SpendTime="2 ms" status=200
time="2021-06-16 21:46:52" level=info Agent="Mozilla/5.0 (Windows NT 10.0; Win64; x64) AppleWebKit/537.36 (KHTML, like Gecko) Chrome/91.0.4472.106 Safari/537.36" DataSize=60 HostName="Pluto的Laptop" Ip="::1" Method=POST Path=/api/v1/loginfront SpendTime="4 ms" status=200
time="2021-06-16 21:46:58" level=info Agent="Mozilla/5.0 (Windows NT 10.0; Win64; x64) AppleWebKit/537.36 (KHTML, like Gecko) Chrome/91.0.4472.106 Safari/537.36" DataSize=51 HostName="Pluto的Laptop" Ip="::1" Method=POST Path=/api/v1/loginfront SpendTime="97 ms" status=200
time="2021-06-16 21:47:20" level=info Agent="Mozilla/5.0 (Windows NT 10.0; Win64; x64) AppleWebKit/537.36 (KHTML, like Gecko) Chrome/91.0.4472.106 Safari/537.36" DataSize=74 HostName="Pluto的Laptop" Ip="::1" Method=GET Path=/api/v1/category SpendTime="4 ms" status=200
time="2021-06-16 21:47:20" level=info Agent="Mozilla/5.0 (Windows NT 10.0; Win64; x64) AppleWebKit/537.36 (KHTML, like Gecko) Chrome/91.0.4472.106 Safari/537.36" DataSize=342 HostName="Pluto的Laptop" Ip="::1" Method=GET Path=/api/v1/profile/1 SpendTime="2 ms" status=200
time="2021-06-16 21:47:20" level=info Agent="Mozilla/5.0 (Windows NT 10.0; Win64; x64) AppleWebKit/537.36 (KHTML, like Gecko) Chrome/91.0.4472.106 Safari/537.36" DataSize=371 HostName="Pluto的Laptop" Ip="::1" Method=GET Path="/api/v1/article?pagesize=5&pagenum=1" SpendTime="1 ms" status=200
time="2021-06-16 21:47:29" level=info Agent="Mozilla/5.0 (Windows NT 10.0; Win64; x64) AppleWebKit/537.36 (KHTML, like Gecko) Chrome/91.0.4472.106 Safari/537.36" DataSize=496 HostName="Pluto的Laptop" Ip="::1" Method=GET Path="/api/v1/commentfront/1?pagesize=5&pagenum=1" SpendTime="12 ms" status=200
time="2021-06-16 21:47:29" level=info Agent="Mozilla/5.0 (Windows NT 10.0; Win64; x64) AppleWebKit/537.36 (KHTML, like Gecko) Chrome/91.0.4472.106 Safari/537.36" DataSize=21209 HostName="Pluto的Laptop" Ip="::1" Method=GET Path=/api/v1/article/info/1 SpendTime="18 ms" status=200
